#
# A fatal error has been detected by the Java Runtime Environment:
#
#  Internal Error (javaClasses.cpp:136), pid=4948, tid=7364
#  fatal error: Invalid layout of preloaded class
#
# JRE version:  (7.0_51-b13) (build )
# Java VM: Java HotSpot(TM) Client VM (24.51-b03 mixed mode windows-x86 )
# Failed to write core dump. Minidumps are not enabled by default on client versions of Windows
#
# If you would like to submit a bug report, please visit:
#   http://bugreport.sun.com/bugreport/crash.jsp
#

---------------  T H R E A D  ---------------

Current thread (0x0266c000):  JavaThread "Unknown thread" [_thread_in_vm, id=7364, stack(0x00c40000,0x00c90000)]

Stack: [0x00c40000,0x00c90000],  sp=0x00c8f73c,  free space=317k
Native frames: (J=compiled Java code, j=interpreted, Vv=VM code, C=native code)
V  [jvm.dll+0x18e0f1]
V  [jvm.dll+0x187e66]
V  [jvm.dll+0x3586a]
V  [jvm.dll+0x358f6]
V  [jvm.dll+0x4400d]
V  [jvm.dll+0x442be]
V  [jvm.dll+0x9263a]
V  [jvm.dll+0x929eb]
V  [jvm.dll+0x13dc51]
V  [jvm.dll+0x16076c]
V  [jvm.dll+0xc8ebf]
C  [javaw.exe+0x13ce]
C  [javaw.exe+0x1e40]
C  [javaw.exe+0xa5b1]
C  [javaw.exe+0xa63b]
C  [KERNEL32.DLL+0x28624]
C  [ntdll.dll+0x5bf39]
C  [ntdll.dll+0x5bf0c]


---------------  P R O C E S S  ---------------

Java Threads: ( => current thread )

Other Threads:

=>0x0266c000 (exited) JavaThread "Unknown thread" [_thread_in_vm, id=7364, stack(0x00c40000,0x00c90000)]

VM state:not at safepoint (not fully initialized)

VM Mutex/Monitor currently owned by a thread: None

GC Heap History (0 events):
No events

Deoptimization events (0 events):
No events

Internal exceptions (0 events):
No events

Events (10 events):
Event: 0.007 loading class 0x0271abd8 done
Event: 0.007 loading class 0x0271a668 done
Event: 0.007 loading class 0x0271a648
Event: 0.007 loading class 0x02721970
Event: 0.007 loading class 0x02721970 done
Event: 0.007 loading class 0x027219a0
Event: 0.007 loading class 0x027219a0 done
Event: 0.007 loading class 0x027219d0
Event: 0.007 loading class 0x027219d0 done
Event: 0.007 loading class 0x0271a648 done


Dynamic libraries:
0x00300000 - 0x0032f000 	C:\Program Files (x86)\Java\jre7\bin\javaw.exe
0x770f0000 - 0x77247000 	C:\windows\SYSTEM32\ntdll.dll
0x74870000 - 0x749a0000 	C:\windows\SYSTEM32\KERNEL32.DLL
0x75b20000 - 0x75bc6000 	C:\windows\SYSTEM32\KERNELBASE.dll
0x74ac0000 - 0x74b6e000 	C:\windows\SYSTEM32\ADVAPI32.dll
0x750d0000 - 0x751e6000 	C:\windows\SYSTEM32\USER32.dll
0x728b0000 - 0x72aa8000 	C:\windows\WinSxS\x86_microsoft.windows.common-controls_6595b64144ccf1df_6.0.9200.16579_none_8937eec6860750f5\COMCTL32.dll
0x75a00000 - 0x75ab1000 	C:\windows\SYSTEM32\msvcrt.dll
0x74d80000 - 0x74db4000 	C:\windows\SYSTEM32\sechost.dll
0x75690000 - 0x7573c000 	C:\windows\SYSTEM32\RPCRT4.dll
0x74e40000 - 0x74f3d000 	C:\windows\SYSTEM32\GDI32.dll
0x746e0000 - 0x746fc000 	C:\windows\SYSTEM32\SspiCli.dll
0x746d0000 - 0x746d9000 	C:\windows\SYSTEM32\CRYPTBASE.dll
0x74670000 - 0x746c1000 	C:\windows\SYSTEM32\bcryptPrimitives.dll
0x750b0000 - 0x750d0000 	C:\windows\system32\IMM32.DLL
0x755b0000 - 0x7568e000 	C:\windows\SYSTEM32\MSCTF.dll
0x65d50000 - 0x65e0f000 	C:\Program Files (x86)\Java\jre7\bin\msvcr100.dll
0x64630000 - 0x649b0000 	C:\Program Files (x86)\Java\jre7\bin\client\jvm.dll
0x73fb0000 - 0x73fb8000 	C:\windows\SYSTEM32\WSOCK32.dll
0x73f80000 - 0x73fa1000 	C:\windows\SYSTEM32\WINMM.dll
0x75b10000 - 0x75b16000 	C:\windows\SYSTEM32\PSAPI.DLL
0x74d30000 - 0x74d80000 	C:\windows\SYSTEM32\WS2_32.dll
0x73f50000 - 0x73f7b000 	C:\windows\SYSTEM32\WINMMBASE.dll
0x76ca0000 - 0x76ca8000 	C:\windows\SYSTEM32\NSI.dll
0x74b70000 - 0x74bb6000 	C:\windows\SYSTEM32\cfgmgr32.dll
0x74700000 - 0x7471e000 	C:\windows\SYSTEM32\DEVOBJ.dll
0x69920000 - 0x6992c000 	C:\Program Files (x86)\Java\jre7\bin\verify.dll
0x69900000 - 0x69920000 	C:\Program Files (x86)\Java\jre7\bin\java.dll
0x67860000 - 0x67873000 	C:\Program Files (x86)\Java\jre7\bin\zip.dll
0x719b0000 - 0x71ad9000 	C:\windows\SYSTEM32\dbghelp.dll

VM Arguments:
jvm_args: -Dfile.encoding=Cp1252 -Xbootclasspath:C:\Users\Owner\Desktop\adt-bundle-windows-x86-20140321\sdk\platforms\android-19\android.jar 
java_command: project.madlibs.SearchAPI
Launcher Type: SUN_STANDARD

Environment Variables:
PATH=C:/Program Files (x86)/Java/jre7/bin/client;C:/Program Files (x86)/Java/jre7/bin;C:/Program Files (x86)/Java/jre7/lib/i386;C:\Python33\;C:\Program Files (x86)\Intel\iCLS Client\;C:\Program Files\Intel\iCLS Client\;C:\windows\system32;C:\windows;C:\windows\System32\Wbem;C:\windows\System32\WindowsPowerShell\v1.0\;C:\Program Files (x86)\Windows Live\Shared;C:\Program Files\Intel\Intel(R) Management Engine Components\DAL;C:\Program Files\Intel\Intel(R) Management Engine Components\IPT;C:\Program Files (x86)\Intel\Intel(R) Management Engine Components\DAL;C:\Program Files (x86)\Intel\Intel(R) Management Engine Components\IPT;C:\Program Files (x86)\Intel\OpenCL SDK\2.0\bin\x86;C:\Program Files (x86)\Intel\OpenCL SDK\2.0\bin\x64;C:\Program Files\Intel\WiFi\bin\;C:\Program Files\Common Files\Intel\WirelessCommon\ ;C:\Program Files\gcc\bin;C:\Program Files (x86)\Windows Kits\8.1\Windows Performance Toolkit\;C:\Program Files\Microsoft SQL Server\110\Tools\Binn\;C:Python27;C:\Python33\Scripts;C:\compiler\MinGW\bin;C:\Users\Owner\Desktop\adt-bundle-windows-x86-20140321\eclipse;
USERNAME=Owner
OS=Windows_NT
PROCESSOR_IDENTIFIER=Intel64 Family 6 Model 58 Stepping 9, GenuineIntel



---------------  S Y S T E M  ---------------

OS: Windows 8 , 64 bit Build 9200 

CPU:total 4 (2 cores per cpu, 2 threads per core) family 6 model 58 stepping 9, cmov, cx8, fxsr, mmx, sse, sse2, sse3, ssse3, sse4.1, sse4.2, popcnt, avx, aes, erms, ht, tsc, tscinvbit, tscinv

Memory: 4k page, physical 8275832k(4722740k free), swap 9521016k(5530104k free)

vm_info: Java HotSpot(TM) Client VM (24.51-b03) for windows-x86 JRE (1.7.0_51-b13), built on Dec 18 2013 19:09:58 by "java_re" with unknown MS VC++:1600

time: Wed Apr 30 18:34:50 2014
elapsed time: 0 seconds

