#
# A fatal error has been detected by the Java Runtime Environment:
#
#  Internal Error (javaClasses.cpp:136), pid=12060, tid=1328
#  fatal error: Invalid layout of preloaded class
#
# JRE version:  (7.0_51-b13) (build )
# Java VM: Java HotSpot(TM) Client VM (24.51-b03 mixed mode windows-x86 )
# Failed to write core dump. Minidumps are not enabled by default on client versions of Windows
#
# If you would like to submit a bug report, please visit:
#   http://bugreport.sun.com/bugreport/crash.jsp
#

---------------  T H R E A D  ---------------

Current thread (0x006dbc00):  JavaThread "Unknown thread" [_thread_in_vm, id=1328, stack(0x00740000,0x00790000)]

Stack: [0x00740000,0x00790000],  sp=0x0078fa34,  free space=318k
Native frames: (J=compiled Java code, j=interpreted, Vv=VM code, C=native code)
V  [jvm.dll+0x18e0f1]
V  [jvm.dll+0x187e66]
V  [jvm.dll+0x3586a]
V  [jvm.dll+0x358f6]
V  [jvm.dll+0x4400d]
V  [jvm.dll+0x442be]
V  [jvm.dll+0x9263a]
V  [jvm.dll+0x929eb]
V  [jvm.dll+0x13dc51]
V  [jvm.dll+0x16076c]
V  [jvm.dll+0xc8ebf]
C  [javaw.exe+0x13ce]
C  [javaw.exe+0x1e40]
C  [javaw.exe+0xa5b1]
C  [javaw.exe+0xa63b]
C  [KERNEL32.DLL+0x28624]
C  [ntdll.dll+0x5bf39]
C  [ntdll.dll+0x5bf0c]


---------------  P R O C E S S  ---------------

Java Threads: ( => current thread )

Other Threads:

=>0x006dbc00 (exited) JavaThread "Unknown thread" [_thread_in_vm, id=1328, stack(0x00740000,0x00790000)]

VM state:not at safepoint (not fully initialized)

VM Mutex/Monitor currently owned by a thread: None

GC Heap History (0 events):
No events

Deoptimization events (0 events):
No events

Internal exceptions (0 events):
No events

Events (10 events):
Event: 0.006 loading class 0x0081ac10 done
Event: 0.006 loading class 0x0081a6a0 done
Event: 0.006 loading class 0x0081a680
Event: 0.006 loading class 0x008219a8
Event: 0.006 loading class 0x008219a8 done
Event: 0.006 loading class 0x008219d8
Event: 0.006 loading class 0x008219d8 done
Event: 0.006 loading class 0x00821a08
Event: 0.006 loading class 0x00821a08 done
Event: 0.007 loading class 0x0081a680 done


Dynamic libraries:
0x01270000 - 0x0129f000 	C:\Program Files (x86)\Java\jre7\bin\javaw.exe
0x77270000 - 0x773c7000 	C:\windows\SYSTEM32\ntdll.dll
0x76b10000 - 0x76c40000 	C:\windows\SYSTEM32\KERNEL32.DLL
0x76a60000 - 0x76b06000 	C:\windows\SYSTEM32\KERNELBASE.dll
0x75090000 - 0x7513e000 	C:\windows\SYSTEM32\ADVAPI32.dll
0x763a0000 - 0x764b6000 	C:\windows\SYSTEM32\USER32.dll
0x70110000 - 0x70308000 	C:\windows\WinSxS\x86_microsoft.windows.common-controls_6595b64144ccf1df_6.0.9200.16579_none_8937eec6860750f5\COMCTL32.dll
0x74d10000 - 0x74dc1000 	C:\windows\SYSTEM32\msvcrt.dll
0x76f70000 - 0x76fa4000 	C:\windows\SYSTEM32\sechost.dll
0x77050000 - 0x770fc000 	C:\windows\SYSTEM32\RPCRT4.dll
0x74f90000 - 0x7508d000 	C:\windows\SYSTEM32\GDI32.dll
0x74860000 - 0x7487c000 	C:\windows\SYSTEM32\SspiCli.dll
0x74850000 - 0x74859000 	C:\windows\SYSTEM32\CRYPTBASE.dll
0x747f0000 - 0x74841000 	C:\windows\SYSTEM32\bcryptPrimitives.dll
0x74cf0000 - 0x74d10000 	C:\windows\system32\IMM32.DLL
0x76cf0000 - 0x76dce000 	C:\windows\SYSTEM32\MSCTF.dll
0x60510000 - 0x605cf000 	C:\Program Files (x86)\Java\jre7\bin\msvcr100.dll
0x5ede0000 - 0x5f160000 	C:\Program Files (x86)\Java\jre7\bin\client\jvm.dll
0x741e0000 - 0x741e8000 	C:\windows\SYSTEM32\WSOCK32.dll
0x741b0000 - 0x741d1000 	C:\windows\SYSTEM32\WINMM.dll
0x76f40000 - 0x76f46000 	C:\windows\SYSTEM32\PSAPI.DLL
0x762c0000 - 0x76310000 	C:\windows\SYSTEM32\WS2_32.dll
0x74180000 - 0x741ab000 	C:\windows\SYSTEM32\WINMMBASE.dll
0x76cc0000 - 0x76cc8000 	C:\windows\SYSTEM32\NSI.dll
0x74e10000 - 0x74e56000 	C:\windows\SYSTEM32\cfgmgr32.dll
0x76c40000 - 0x76c5e000 	C:\windows\SYSTEM32\DEVOBJ.dll
0x60610000 - 0x6061c000 	C:\Program Files (x86)\Java\jre7\bin\verify.dll
0x605f0000 - 0x60610000 	C:\Program Files (x86)\Java\jre7\bin\java.dll
0x605d0000 - 0x605e3000 	C:\Program Files (x86)\Java\jre7\bin\zip.dll
0x6e300000 - 0x6e429000 	C:\windows\SYSTEM32\dbghelp.dll

VM Arguments:
jvm_args: -Dfile.encoding=Cp1252 -Xbootclasspath:C:\Users\Owner\Desktop\adt-bundle-windows-x86-20140321\sdk\platforms\android-19\android.jar 
java_command: project.madlibs.MadLibs
Launcher Type: SUN_STANDARD

Environment Variables:
PATH=C:/Program Files (x86)/Java/jre7/bin/client;C:/Program Files (x86)/Java/jre7/bin;C:/Program Files (x86)/Java/jre7/lib/i386;C:\Python33\;C:\Program Files (x86)\Intel\iCLS Client\;C:\Program Files\Intel\iCLS Client\;C:\windows\system32;C:\windows;C:\windows\System32\Wbem;C:\windows\System32\WindowsPowerShell\v1.0\;C:\Program Files (x86)\Windows Live\Shared;C:\Program Files\Intel\Intel(R) Management Engine Components\DAL;C:\Program Files\Intel\Intel(R) Management Engine Components\IPT;C:\Program Files (x86)\Intel\Intel(R) Management Engine Components\DAL;C:\Program Files (x86)\Intel\Intel(R) Management Engine Components\IPT;C:\Program Files (x86)\Intel\OpenCL SDK\2.0\bin\x86;C:\Program Files (x86)\Intel\OpenCL SDK\2.0\bin\x64;C:\Program Files\Intel\WiFi\bin\;C:\Program Files\Common Files\Intel\WirelessCommon\ ;C:\Program Files\gcc\bin;C:\Program Files (x86)\Windows Kits\8.1\Windows Performance Toolkit\;C:\Program Files\Microsoft SQL Server\110\Tools\Binn\;C:Python27;C:\Python33\Scripts;C:\compiler\MinGW\bin;C:\Users\Owner\Desktop\adt-bundle-windows-x86-20140321\eclipse;
USERNAME=Owner
OS=Windows_NT
PROCESSOR_IDENTIFIER=Intel64 Family 6 Model 58 Stepping 9, GenuineIntel



---------------  S Y S T E M  ---------------

OS: Windows 8 , 64 bit Build 9200 

CPU:total 4 (2 cores per cpu, 2 threads per core) family 6 model 58 stepping 9, cmov, cx8, fxsr, mmx, sse, sse2, sse3, ssse3, sse4.1, sse4.2, popcnt, avx, aes, erms, ht, tsc, tscinvbit, tscinv

Memory: 4k page, physical 8275832k(4893932k free), swap 9521016k(5543432k free)

vm_info: Java HotSpot(TM) Client VM (24.51-b03) for windows-x86 JRE (1.7.0_51-b13), built on Dec 18 2013 19:09:58 by "java_re" with unknown MS VC++:1600

time: Sun Apr 20 18:31:47 2014
elapsed time: 0 seconds

